<?xml version="1.0" encoding="UTF-8"?>
<testsuite name="com.bestbuy.bestbuyinfo.CreateProductDataDrivenTest" time="49" tests="100" errors="0" skipped="0" failures="0">
  <properties>
[...]
</properties>
  <testcase name="createMultipleProducts[8]" classname="com.bestbuy.bestbuyinfo.CreateProductDataDrivenTest" time="11.403"/>
  <testcase name="createMultipleProducts[2]" classname="com.bestbuy.bestbuyinfo.CreateProductDataDrivenTest" time="11.473"/>
  <testcase name="createMultipleProducts[3]" classname="com.bestbuy.bestbuyinfo.CreateProductDataDrivenTest" time="0.111"/>
  <testcase name="createMultipleProducts[5]" classname="com.bestbuy.bestbuyinfo.CreateProductDataDrivenTest" time="0.155"/>
  <testcase name="createMultipleProducts[9]" classname="com.bestbuy.bestbuyinfo.CreateProductDataDrivenTest" time="0.242"/>
  <testcase name="createMultipleProducts[7]" classname="com.bestbuy.bestbuyinfo.CreateProductDataDrivenTest" time="0.153"/>
  <testcase name="createMultipleProducts[4]" classname="com.bestbuy.bestbuyinfo.CreateProductDataDrivenTest" time="0.137"/>
  <testcase name="createMultipleProducts[10]" classname="com.bestbuy.bestbuyinfo.CreateProductDataDrivenTest" time="0.102"/>
  <testcase name="createMultipleProducts[15]" classname="com.bestbuy.bestbuyinfo.CreateProductDataDrivenTest" time="0.109"/>
  <testcase name="createMultipleProducts[13]" classname="com.bestbuy.bestbuyinfo.CreateProductDataDrivenTest" time="0.129"/>
  <testcase name="createMultipleProducts[14]" classname="com.bestbuy.bestbuyinfo.CreateProductDataDrivenTest" time="0.15"/>
  <testcase name="createMultipleProducts[1]" classname="com.bestbuy.bestbuyinfo.CreateProductDataDrivenTest" time="0.155"/>
  <testcase name="createMultipleProducts[11]" classname="com.bestbuy.bestbuyinfo.CreateProductDataDrivenTest" time="0.1"/>
  <testcase name="createMultipleProducts[12]" classname="com.bestbuy.bestbuyinfo.CreateProductDataDrivenTest" time="0.107"/>
  <testcase name="createMultipleProducts[6]" classname="com.bestbuy.bestbuyinfo.CreateProductDataDrivenTest" time="0.104"/>
  <testcase name="createMultipleProducts[0]" classname="com.bestbuy.bestbuyinfo.CreateProductDataDrivenTest" time="0.178"/>
  <testcase name="createMultipleProducts[16]" classname="com.bestbuy.bestbuyinfo.CreateProductDataDrivenTest" time="0.091"/>
  <testcase name="createMultipleProducts[17]" classname="com.bestbuy.bestbuyinfo.CreateProductDataDrivenTest" time="0.154"/>
  <testcase name="createMultipleProducts[18]" classname="com.bestbuy.bestbuyinfo.CreateProductDataDrivenTest" time="0.178"/>
  <testcase name="createMultipleProducts[19]" classname="com.bestbuy.bestbuyinfo.CreateProductDataDrivenTest" time="0.091"/>
  <testcase name="createMultipleProducts[20]" classname="com.bestbuy.bestbuyinfo.CreateProductDataDrivenTest" time="0.105"/>
  <testcase name="createMultipleProducts[21]" classname="com.bestbuy.bestbuyinfo.CreateProductDataDrivenTest" time="0.099"/>
  <testcase name="createMultipleProducts[22]" classname="com.bestbuy.bestbuyinfo.CreateProductDataDrivenTest" time="0.138"/>
  <testcase name="createMultipleProducts[23]" classname="com.bestbuy.bestbuyinfo.CreateProductDataDrivenTest" time="0.139"/>
  <testcase name="createMultipleProducts[24]" classname="com.bestbuy.bestbuyinfo.CreateProductDataDrivenTest" time="0.277"/>
  <testcase name="createMultipleProducts[25]" classname="com.bestbuy.bestbuyinfo.CreateProductDataDrivenTest" time="0.259"/>
  <testcase name="createMultipleProducts[26]" classname="com.bestbuy.bestbuyinfo.CreateProductDataDrivenTest" time="0.174"/>
  <testcase name="createMultipleProducts[27]" classname="com.bestbuy.bestbuyinfo.CreateProductDataDrivenTest" time="0.121"/>
  <testcase name="createMultipleProducts[28]" classname="com.bestbuy.bestbuyinfo.CreateProductDataDrivenTest" time="0.296"/>
  <testcase name="createMultipleProducts[29]" classname="com.bestbuy.bestbuyinfo.CreateProductDataDrivenTest" time="0.222"/>
  <testcase name="createMultipleProducts[30]" classname="com.bestbuy.bestbuyinfo.CreateProductDataDrivenTest" time="0.126"/>
  <testcase name="createMultipleProducts[31]" classname="com.bestbuy.bestbuyinfo.CreateProductDataDrivenTest" time="0.211"/>
  <testcase name="createMultipleProducts[32]" classname="com.bestbuy.bestbuyinfo.CreateProductDataDrivenTest" time="0.163"/>
  <testcase name="createMultipleProducts[33]" classname="com.bestbuy.bestbuyinfo.CreateProductDataDrivenTest" time="0.151"/>
  <testcase name="createMultipleProducts[34]" classname="com.bestbuy.bestbuyinfo.CreateProductDataDrivenTest" time="0.252"/>
  <testcase name="createMultipleProducts[35]" classname="com.bestbuy.bestbuyinfo.CreateProductDataDrivenTest" time="0.137"/>
  <testcase name="createMultipleProducts[36]" classname="com.bestbuy.bestbuyinfo.CreateProductDataDrivenTest" time="0.147"/>
  <testcase name="createMultipleProducts[37]" classname="com.bestbuy.bestbuyinfo.CreateProductDataDrivenTest" time="0.173"/>
  <testcase name="createMultipleProducts[38]" classname="com.bestbuy.bestbuyinfo.CreateProductDataDrivenTest" time="0.167"/>
  <testcase name="createMultipleProducts[39]" classname="com.bestbuy.bestbuyinfo.CreateProductDataDrivenTest" time="0.182"/>
  <testcase name="createMultipleProducts[40]" classname="com.bestbuy.bestbuyinfo.CreateProductDataDrivenTest" time="0.128"/>
  <testcase name="createMultipleProducts[41]" classname="com.bestbuy.bestbuyinfo.CreateProductDataDrivenTest" time="0.065"/>
  <testcase name="createMultipleProducts[42]" classname="com.bestbuy.bestbuyinfo.CreateProductDataDrivenTest" time="0.152"/>
  <testcase name="createMultipleProducts[43]" classname="com.bestbuy.bestbuyinfo.CreateProductDataDrivenTest" time="0.207"/>
  <testcase name="createMultipleProducts[44]" classname="com.bestbuy.bestbuyinfo.CreateProductDataDrivenTest" time="0.173"/>
  <testcase name="createMultipleProducts[45]" classname="com.bestbuy.bestbuyinfo.CreateProductDataDrivenTest" time="0.404"/>
  <testcase name="createMultipleProducts[46]" classname="com.bestbuy.bestbuyinfo.CreateProductDataDrivenTest" time="0.104"/>
  <testcase name="createMultipleProducts[47]" classname="com.bestbuy.bestbuyinfo.CreateProductDataDrivenTest" time="0.107"/>
  <testcase name="createMultipleProducts[48]" classname="com.bestbuy.bestbuyinfo.CreateProductDataDrivenTest" time="0.253"/>
  <testcase name="createMultipleProducts[49]" classname="com.bestbuy.bestbuyinfo.CreateProductDataDrivenTest" time="0.118"/>
  <testcase name="createMultipleProducts[50]" classname="com.bestbuy.bestbuyinfo.CreateProductDataDrivenTest" time="0.114"/>
  <testcase name="createMultipleProducts[51]" classname="com.bestbuy.bestbuyinfo.CreateProductDataDrivenTest" time="0.147"/>
  <testcase name="createMultipleProducts[52]" classname="com.bestbuy.bestbuyinfo.CreateProductDataDrivenTest" time="0.12"/>
  <testcase name="createMultipleProducts[53]" classname="com.bestbuy.bestbuyinfo.CreateProductDataDrivenTest" time="0.122"/>
  <testcase name="createMultipleProducts[54]" classname="com.bestbuy.bestbuyinfo.CreateProductDataDrivenTest" time="0.274"/>
  <testcase name="createMultipleProducts[55]" classname="com.bestbuy.bestbuyinfo.CreateProductDataDrivenTest" time="0.104"/>
  <testcase name="createMultipleProducts[56]" classname="com.bestbuy.bestbuyinfo.CreateProductDataDrivenTest" time="0.11"/>
  <testcase name="createMultipleProducts[57]" classname="com.bestbuy.bestbuyinfo.CreateProductDataDrivenTest" time="0.139"/>
  <testcase name="createMultipleProducts[58]" classname="com.bestbuy.bestbuyinfo.CreateProductDataDrivenTest" time="0.136"/>
  <testcase name="createMultipleProducts[59]" classname="com.bestbuy.bestbuyinfo.CreateProductDataDrivenTest" time="0.107"/>
  <testcase name="createMultipleProducts[60]" classname="com.bestbuy.bestbuyinfo.CreateProductDataDrivenTest" time="0.188"/>
  <testcase name="createMultipleProducts[61]" classname="com.bestbuy.bestbuyinfo.CreateProductDataDrivenTest" time="0.144"/>
  <testcase name="createMultipleProducts[62]" classname="com.bestbuy.bestbuyinfo.CreateProductDataDrivenTest" time="0.086"/>
  <testcase name="createMultipleProducts[63]" classname="com.bestbuy.bestbuyinfo.CreateProductDataDrivenTest" time="0.078"/>
  <testcase name="createMultipleProducts[64]" classname="com.bestbuy.bestbuyinfo.CreateProductDataDrivenTest" time="0.096"/>
  <testcase name="createMultipleProducts[65]" classname="com.bestbuy.bestbuyinfo.CreateProductDataDrivenTest" time="0.1"/>
  <testcase name="createMultipleProducts[66]" classname="com.bestbuy.bestbuyinfo.CreateProductDataDrivenTest" time="0.124"/>
  <testcase name="createMultipleProducts[67]" classname="com.bestbuy.bestbuyinfo.CreateProductDataDrivenTest" time="0.138"/>
  <testcase name="createMultipleProducts[68]" classname="com.bestbuy.bestbuyinfo.CreateProductDataDrivenTest" time="0.594"/>
  <testcase name="createMultipleProducts[69]" classname="com.bestbuy.bestbuyinfo.CreateProductDataDrivenTest" time="0.381"/>
  <testcase name="createMultipleProducts[70]" classname="com.bestbuy.bestbuyinfo.CreateProductDataDrivenTest" time="0.582"/>
  <testcase name="createMultipleProducts[71]" classname="com.bestbuy.bestbuyinfo.CreateProductDataDrivenTest" time="0.374"/>
  <testcase name="createMultipleProducts[72]" classname="com.bestbuy.bestbuyinfo.CreateProductDataDrivenTest" time="0.123"/>
  <testcase name="createMultipleProducts[73]" classname="com.bestbuy.bestbuyinfo.CreateProductDataDrivenTest" time="0.397"/>
  <testcase name="createMultipleProducts[74]" classname="com.bestbuy.bestbuyinfo.CreateProductDataDrivenTest" time="0.431"/>
  <testcase name="createMultipleProducts[75]" classname="com.bestbuy.bestbuyinfo.CreateProductDataDrivenTest" time="0.221"/>
  <testcase name="createMultipleProducts[76]" classname="com.bestbuy.bestbuyinfo.CreateProductDataDrivenTest" time="0.155"/>
  <testcase name="createMultipleProducts[77]" classname="com.bestbuy.bestbuyinfo.CreateProductDataDrivenTest" time="0.116"/>
  <testcase name="createMultipleProducts[78]" classname="com.bestbuy.bestbuyinfo.CreateProductDataDrivenTest" time="0.191"/>
  <testcase name="createMultipleProducts[79]" classname="com.bestbuy.bestbuyinfo.CreateProductDataDrivenTest" time="0.092"/>
  <testcase name="createMultipleProducts[80]" classname="com.bestbuy.bestbuyinfo.CreateProductDataDrivenTest" time="0.122"/>
  <testcase name="createMultipleProducts[81]" classname="com.bestbuy.bestbuyinfo.CreateProductDataDrivenTest" time="0.227"/>
  <testcase name="createMultipleProducts[82]" classname="com.bestbuy.bestbuyinfo.CreateProductDataDrivenTest" time="0.088"/>
  <testcase name="createMultipleProducts[83]" classname="com.bestbuy.bestbuyinfo.CreateProductDataDrivenTest" time="0.073"/>
  <testcase name="createMultipleProducts[84]" classname="com.bestbuy.bestbuyinfo.CreateProductDataDrivenTest" time="0.091"/>
  <testcase name="createMultipleProducts[85]" classname="com.bestbuy.bestbuyinfo.CreateProductDataDrivenTest" time="0.178"/>
  <testcase name="createMultipleProducts[86]" classname="com.bestbuy.bestbuyinfo.CreateProductDataDrivenTest" time="0.268"/>
  <testcase name="createMultipleProducts[87]" classname="com.bestbuy.bestbuyinfo.CreateProductDataDrivenTest" time="0.356"/>
  <testcase name="createMultipleProducts[88]" classname="com.bestbuy.bestbuyinfo.CreateProductDataDrivenTest" time="0.445"/>
  <testcase name="createMultipleProducts[89]" classname="com.bestbuy.bestbuyinfo.CreateProductDataDrivenTest" time="0.519"/>
  <testcase name="createMultipleProducts[90]" classname="com.bestbuy.bestbuyinfo.CreateProductDataDrivenTest" time="0.609"/>
  <testcase name="createMultipleProducts[91]" classname="com.bestbuy.bestbuyinfo.CreateProductDataDrivenTest" time="0.711"/>
  <testcase name="createMultipleProducts[92]" classname="com.bestbuy.bestbuyinfo.CreateProductDataDrivenTest" time="0.796"/>
  <testcase name="createMultipleProducts[93]" classname="com.bestbuy.bestbuyinfo.CreateProductDataDrivenTest" time="0.862"/>
  <testcase name="createMultipleProducts[94]" classname="com.bestbuy.bestbuyinfo.CreateProductDataDrivenTest" time="0.952"/>
  <testcase name="createMultipleProducts[95]" classname="com.bestbuy.bestbuyinfo.CreateProductDataDrivenTest" time="1.043"/>
  <testcase name="createMultipleProducts[96]" classname="com.bestbuy.bestbuyinfo.CreateProductDataDrivenTest" time="1.13"/>
  <testcase name="createMultipleProducts[97]" classname="com.bestbuy.bestbuyinfo.CreateProductDataDrivenTest" time="1.238"/>
  <testcase name="createMultipleProducts[98]" classname="com.bestbuy.bestbuyinfo.CreateProductDataDrivenTest" time="1.327"/>
  <testcase name="createMultipleProducts[99]" classname="com.bestbuy.bestbuyinfo.CreateProductDataDrivenTest" time="1.409"/>
</testsuite>