<?xml version="1.0" encoding="UTF-8"?><testsuite errors="0" failures="0" name="com.bestbuy.bestbuyinfo.ProductsCRUDTest" skipped="0" tests="4" time="2.04" timestamp="2023-06-05T21:20:43.245+01:00[Europe/London]"><testcase classname="com.bestbuy.bestbuyinfo.ProductsCRUDTest" name="Creating a new PRODUCT"/><testcase classname="com.bestbuy.bestbuyinfo.ProductsCRUDTest" name="Verify that product is added or not"/><testcase classname="com.bestbuy.bestbuyinfo.ProductsCRUDTest" name="Updating product information"/><testcase classname="com.bestbuy.bestbuyinfo.ProductsCRUDTest" name="Delete product and verifying that product is deleted"/></testsuite>