<?xml version="1.0" encoding="UTF-8"?><testsuite errors="0" failures="0" name="com.bestbuy.bestbuyinfo.StoresCURDTest" skipped="0" tests="4" time="0.55" timestamp="2023-06-05T21:20:45.511+01:00[Europe/London]"><testcase classname="com.bestbuy.bestbuyinfo.StoresCURDTest" name="Creating a store"/><testcase classname="com.bestbuy.bestbuyinfo.StoresCURDTest" name="Verify that store is added or not"/><testcase classname="com.bestbuy.bestbuyinfo.StoresCURDTest" name="Updating store information"/><testcase classname="com.bestbuy.bestbuyinfo.StoresCURDTest" name="Deleting store and verifying that store is deleted"/></testsuite>